{"/home/reda/Documents/deezer_assignement/frontend/styleMock.js": {"path":"/home/reda/Documents/deezer_assignement/frontend/styleMock.js","statementMap":{"0":{"start":{"line":1,"column":0},"end":{"line":1,"column":20}}},"fnMap":{},"branchMap":{},"s":{"0":2},"f":{},"b":{},"_coverageSchema":"1a1c01bbd47fc00a2c39e90264f33305004495a9","hash":"a7805ac878e5e2c67eedfa1744eb99315b3fc6db"}
,"/home/reda/Documents/deezer_assignement/frontend/src/pages/home/index.jsx": {"path":"/home/reda/Documents/deezer_assignement/frontend/src/pages/home/index.jsx","statementMap":{"0":{"start":{"line":15,"column":21},"end":{"line":15,"column":34}},"1":{"start":{"line":16,"column":21},"end":{"line":16,"column":34}},"2":{"start":{"line":18,"column":34},"end":{"line":18,"column":49}},"3":{"start":{"line":19,"column":30},"end":{"line":19,"column":44}},"4":{"start":{"line":21,"column":21},"end":{"line":43,"column":5}},"5":{"start":{"line":22,"column":8},"end":{"line":22,"column":27}},"6":{"start":{"line":22,"column":21},"end":{"line":22,"column":27}},"7":{"start":{"line":23,"column":8},"end":{"line":23,"column":25}},"8":{"start":{"line":24,"column":8},"end":{"line":24,"column":22}},"9":{"start":{"line":25,"column":8},"end":{"line":42,"column":9}},"10":{"start":{"line":26,"column":33},"end":{"line":26,"column":43}},"11":{"start":{"line":27,"column":25},"end":{"line":27,"column":103}},"12":{"start":{"line":27,"column":93},"end":{"line":27,"column":100}},"13":{"start":{"line":28,"column":33},"end":{"line":28,"column":74}},"14":{"start":{"line":29,"column":31},"end":{"line":29,"column":35}},"15":{"start":{"line":30,"column":12},"end":{"line":34,"column":13}},"16":{"start":{"line":31,"column":28},"end":{"line":31,"column":61}},"17":{"start":{"line":32,"column":16},"end":{"line":32,"column":29}},"18":{"start":{"line":33,"column":16},"end":{"line":33,"column":22}},"19":{"start":{"line":35,"column":25},"end":{"line":35,"column":86}},"20":{"start":{"line":36,"column":12},"end":{"line":36,"column":35}},"21":{"start":{"line":37,"column":12},"end":{"line":37,"column":41}},"22":{"start":{"line":39,"column":12},"end":{"line":39,"column":44}},"23":{"start":{"line":41,"column":12},"end":{"line":41,"column":30}},"24":{"start":{"line":45,"column":4},"end":{"line":94,"column":6}}},"fnMap":{"0":{"name":"Home","decl":{"start":{"line":13,"column":16},"end":{"line":13,"column":20}},"loc":{"start":{"line":13,"column":23},"end":{"line":96,"column":1}},"line":13},"1":{"name":"(anonymous_1)","decl":{"start":{"line":21,"column":21},"end":{"line":21,"column":22}},"loc":{"start":{"line":21,"column":37},"end":{"line":43,"column":5}},"line":21},"2":{"name":"(anonymous_2)","decl":{"start":{"line":27,"column":88},"end":{"line":27,"column":89}},"loc":{"start":{"line":27,"column":93},"end":{"line":27,"column":100}},"line":27}},"branchMap":{"0":{"loc":{"start":{"line":22,"column":8},"end":{"line":22,"column":27}},"type":"if","locations":[{"start":{"line":22,"column":8},"end":{"line":22,"column":27}},{"start":{},"end":{}}],"line":22},"1":{"loc":{"start":{"line":30,"column":12},"end":{"line":34,"column":13}},"type":"if","locations":[{"start":{"line":30,"column":12},"end":{"line":34,"column":13}},{"start":{},"end":{}}],"line":30},"2":{"loc":{"start":{"line":30,"column":16},"end":{"line":30,"column":50}},"type":"binary-expr","locations":[{"start":{"line":30,"column":16},"end":{"line":30,"column":34}},{"start":{"line":30,"column":38},"end":{"line":30,"column":50}}],"line":30},"3":{"loc":{"start":{"line":77,"column":28},"end":{"line":83,"column":38}},"type":"cond-expr","locations":[{"start":{"line":78,"column":32},"end":{"line":82,"column":34}},{"start":{"line":83,"column":34},"end":{"line":83,"column":38}}],"line":77}},"s":{"0":9,"1":9,"2":9,"3":9,"4":9,"5":4,"6":0,"7":4,"8":4,"9":4,"10":4,"11":4,"12":0,"13":2,"14":2,"15":2,"16":1,"17":1,"18":1,"19":1,"20":1,"21":1,"22":2,"23":4,"24":9},"f":{"0":9,"1":4,"2":0},"b":{"0":[0,4],"1":[1,1],"2":[2,1],"3":[3,6]},"_coverageSchema":"1a1c01bbd47fc00a2c39e90264f33305004495a9","hash":"503a2174624de1c303d29dec2b81bc32eddba047"}
,"/home/reda/Documents/deezer_assignement/frontend/src/pages/profile/index.jsx": {"path":"/home/reda/Documents/deezer_assignement/frontend/src/pages/profile/index.jsx","statementMap":{"0":{"start":{"line":11,"column":21},"end":{"line":11,"column":34}},"1":{"start":{"line":13,"column":34},"end":{"line":13,"column":49}},"2":{"start":{"line":14,"column":30},"end":{"line":14,"column":44}},"3":{"start":{"line":16,"column":23},"end":{"line":16,"column":34}},"4":{"start":{"line":18,"column":17},"end":{"line":18,"column":65}},"5":{"start":{"line":18,"column":40},"end":{"line":18,"column":64}},"6":{"start":{"line":20,"column":4},"end":{"line":28,"column":10}},"7":{"start":{"line":21,"column":8},"end":{"line":27,"column":9}},"8":{"start":{"line":22,"column":12},"end":{"line":22,"column":29}},"9":{"start":{"line":23,"column":12},"end":{"line":26,"column":49}},"10":{"start":{"line":24,"column":32},"end":{"line":24,"column":60}},"11":{"start":{"line":25,"column":29},"end":{"line":25,"column":55}},"12":{"start":{"line":26,"column":31},"end":{"line":26,"column":48}},"13":{"start":{"line":30,"column":4},"end":{"line":32,"column":5}},"14":{"start":{"line":31,"column":8},"end":{"line":31,"column":27}},"15":{"start":{"line":34,"column":4},"end":{"line":36,"column":5}},"16":{"start":{"line":35,"column":8},"end":{"line":35,"column":30}},"17":{"start":{"line":38,"column":4},"end":{"line":40,"column":5}},"18":{"start":{"line":39,"column":8},"end":{"line":39,"column":27}},"19":{"start":{"line":42,"column":4},"end":{"line":58,"column":10}},"20":{"start":{"line":48,"column":42},"end":{"line":48,"column":49}},"21":{"start":{"line":50,"column":24},"end":{"line":54,"column":25}}},"fnMap":{"0":{"name":"Profile","decl":{"start":{"line":10,"column":16},"end":{"line":10,"column":23}},"loc":{"start":{"line":10,"column":26},"end":{"line":59,"column":1}},"line":10},"1":{"name":"(anonymous_1)","decl":{"start":{"line":18,"column":29},"end":{"line":18,"column":30}},"loc":{"start":{"line":18,"column":40},"end":{"line":18,"column":64}},"line":18},"2":{"name":"(anonymous_2)","decl":{"start":{"line":20,"column":14},"end":{"line":20,"column":15}},"loc":{"start":{"line":20,"column":20},"end":{"line":28,"column":5}},"line":20},"3":{"name":"(anonymous_3)","decl":{"start":{"line":24,"column":22},"end":{"line":24,"column":23}},"loc":{"start":{"line":24,"column":32},"end":{"line":24,"column":60}},"line":24},"4":{"name":"(anonymous_4)","decl":{"start":{"line":25,"column":23},"end":{"line":25,"column":24}},"loc":{"start":{"line":25,"column":29},"end":{"line":25,"column":55}},"line":25},"5":{"name":"(anonymous_5)","decl":{"start":{"line":26,"column":25},"end":{"line":26,"column":26}},"loc":{"start":{"line":26,"column":31},"end":{"line":26,"column":48}},"line":26},"6":{"name":"(anonymous_6)","decl":{"start":{"line":48,"column":26},"end":{"line":48,"column":27}},"loc":{"start":{"line":48,"column":42},"end":{"line":48,"column":49}},"line":48},"7":{"name":"(anonymous_7)","decl":{"start":{"line":49,"column":25},"end":{"line":49,"column":26}},"loc":{"start":{"line":50,"column":24},"end":{"line":54,"column":25}},"line":50}},"branchMap":{"0":{"loc":{"start":{"line":21,"column":8},"end":{"line":27,"column":9}},"type":"if","locations":[{"start":{"line":21,"column":8},"end":{"line":27,"column":9}},{"start":{},"end":{}}],"line":21},"1":{"loc":{"start":{"line":30,"column":4},"end":{"line":32,"column":5}},"type":"if","locations":[{"start":{"line":30,"column":4},"end":{"line":32,"column":5}},{"start":{},"end":{}}],"line":30},"2":{"loc":{"start":{"line":34,"column":4},"end":{"line":36,"column":5}},"type":"if","locations":[{"start":{"line":34,"column":4},"end":{"line":36,"column":5}},{"start":{},"end":{}}],"line":34},"3":{"loc":{"start":{"line":38,"column":4},"end":{"line":40,"column":5}},"type":"if","locations":[{"start":{"line":38,"column":4},"end":{"line":40,"column":5}},{"start":{},"end":{}}],"line":38}},"s":{"0":9,"1":9,"2":9,"3":9,"4":9,"5":13,"6":9,"7":4,"8":3,"9":3,"10":1,"11":1,"12":2,"13":9,"14":1,"15":8,"16":3,"17":5,"18":4,"19":1,"20":2,"21":3},"f":{"0":9,"1":13,"2":4,"3":1,"4":1,"5":2,"6":2,"7":3},"b":{"0":[3,1],"1":[1,8],"2":[3,5],"3":[4,1]},"_coverageSchema":"1a1c01bbd47fc00a2c39e90264f33305004495a9","hash":"a24dc092b47b141fbc788fb737c2e2a9d03cc0b6"}
,"/home/reda/Documents/deezer_assignement/frontend/src/redux/usersSlice.js": {"path":"/home/reda/Documents/deezer_assignement/frontend/src/redux/usersSlice.js","statementMap":{"0":{"start":{"line":3,"column":26},"end":{"line":13,"column":2}},"1":{"start":{"line":10,"column":12},"end":{"line":10,"column":45}},"2":{"start":{"line":15,"column":37},"end":{"line":15,"column":55}}},"fnMap":{"0":{"name":"(anonymous_0)","decl":{"start":{"line":9,"column":17},"end":{"line":9,"column":18}},"loc":{"start":{"line":9,"column":41},"end":{"line":11,"column":9}},"line":9}},"branchMap":{},"s":{"0":3,"1":3,"2":3},"f":{"0":3},"b":{},"_coverageSchema":"1a1c01bbd47fc00a2c39e90264f33305004495a9","hash":"501236cb4e8304ebc25467e6b10bb262be328e50"}
}
