TN:
SF:styleMock.js
FNF:0
FNH:0
DA:1,2
LF:1
LH:1
BRF:0
BRH:0
end_of_record
TN:
SF:src/pages/home/index.jsx
FN:13,Home
FN:21,(anonymous_1)
FN:27,(anonymous_2)
FNF:3
FNH:2
FNDA:9,Home
FNDA:4,(anonymous_1)
FNDA:0,(anonymous_2)
DA:15,9
DA:16,9
DA:18,9
DA:19,9
DA:21,9
DA:22,4
DA:23,4
DA:24,4
DA:25,4
DA:26,4
DA:27,4
DA:28,2
DA:29,2
DA:30,2
DA:31,1
DA:32,1
DA:33,1
DA:35,1
DA:36,1
DA:37,1
DA:39,2
DA:41,4
DA:45,9
LF:23
LH:23
BRDA:22,0,0,0
BRDA:22,0,1,4
BRDA:30,1,0,1
BRDA:30,1,1,1
BRDA:30,2,0,2
BRDA:30,2,1,1
BRDA:77,3,0,3
BRDA:77,3,1,6
BRF:8
BRH:7
end_of_record
TN:
SF:src/pages/profile/index.jsx
FN:10,Profile
FN:18,(anonymous_1)
FN:20,(anonymous_2)
FN:24,(anonymous_3)
FN:25,(anonymous_4)
FN:26,(anonymous_5)
FN:48,(anonymous_6)
FN:49,(anonymous_7)
FNF:8
FNH:8
FNDA:9,Profile
FNDA:13,(anonymous_1)
FNDA:4,(anonymous_2)
FNDA:1,(anonymous_3)
FNDA:1,(anonymous_4)
FNDA:2,(anonymous_5)
FNDA:2,(anonymous_6)
FNDA:3,(anonymous_7)
DA:11,9
DA:13,9
DA:14,9
DA:16,9
DA:18,13
DA:20,9
DA:21,4
DA:22,3
DA:23,3
DA:24,1
DA:25,1
DA:26,2
DA:30,9
DA:31,1
DA:34,8
DA:35,3
DA:38,5
DA:39,4
DA:42,1
DA:48,2
DA:50,3
LF:21
LH:21
BRDA:21,0,0,3
BRDA:21,0,1,1
BRDA:30,1,0,1
BRDA:30,1,1,8
BRDA:34,2,0,3
BRDA:34,2,1,5
BRDA:38,3,0,4
BRDA:38,3,1,1
BRF:8
BRH:8
end_of_record
TN:
SF:src/redux/usersSlice.js
FN:9,(anonymous_0)
FNF:1
FNH:1
FNDA:3,(anonymous_0)
DA:3,3
DA:10,3
DA:15,3
LF:3
LH:3
BRF:0
BRH:0
end_of_record
